Copyright 1986-2022 Xilinx, Inc. All Rights Reserved. Copyright 2022-2023 Advanced Micro Devices, Inc. All Rights Reserved.
-----------------------------------------------------------------------------------------------------------------------------------------------------------------------------------------------
| Tool Version : Vivado v.2023.2 (lin64) Build 4029153 Fri Oct 13 20:13:54 MDT 2023
| Date         : Tue Mar 12 17:46:26 2024
| Host         : archlinux running 64-bit unknown
| Command      : report_methodology -file z1top_counter_alinx_methodology_drc_routed.rpt -pb z1top_counter_alinx_methodology_drc_routed.pb -rpx z1top_counter_alinx_methodology_drc_routed.rpx
| Design       : z1top_counter_alinx
| Device       : xc7z020clg400-2
| Speed File   : -2
| Design State : Fully Routed
-----------------------------------------------------------------------------------------------------------------------------------------------------------------------------------------------

Report Methodology

Table of Contents
-----------------
1. REPORT SUMMARY
2. REPORT DETAILS

1. REPORT SUMMARY
-----------------
            Netlist: netlist
          Floorplan: design_1
      Design limits: <entire design considered>
             Max violations: <unlimited>
             Violations found: 4
+-----------+----------+-------------------------------+------------+
| Rule      | Severity | Description                   | Violations |
+-----------+----------+-------------------------------+------------+
| TIMING-18 | Warning  | Missing input or output delay | 4          |
+-----------+----------+-------------------------------+------------+

2. REPORT DETAILS
-----------------
TIMING-18#1 Warning
Missing input or output delay  
An output delay is missing on LEDS[0] relative to the rising and/or falling clock edge(s) of CLK_125MHZ_FPGA.
Related violations: <none>

TIMING-18#2 Warning
Missing input or output delay  
An output delay is missing on LEDS[1] relative to the rising and/or falling clock edge(s) of CLK_125MHZ_FPGA.
Related violations: <none>

TIMING-18#3 Warning
Missing input or output delay  
An output delay is missing on LEDS[2] relative to the rising and/or falling clock edge(s) of CLK_125MHZ_FPGA.
Related violations: <none>

TIMING-18#4 Warning
Missing input or output delay  
An output delay is missing on LEDS[3] relative to the rising and/or falling clock edge(s) of CLK_125MHZ_FPGA.
Related violations: <none>


